************* Module seqparse.classes
python\seqparse\classes.py:300: [W0511(fixme), ] TODO: prev_pad is unused, but leaving here for reference.]
************* Module seqparse.seqparse
python\seqparse\seqparse.py:84: [W0511(fixme), ] TODO: Implement tree option.]
python\seqparse\seqparse.py:98: [W0612(unused-variable), Seqparse.scan_path] Unused variable 'dir_names']


Report
======
268 statements analysed.

Statistics by type
------------------

+---------+-------+-----------+-----------+------------+---------+
|type     |number |old number |difference |%documented |%badname |
+=========+=======+===========+===========+============+=========+
|module   |3      |3          |=          |100.00      |0.00     |
+---------+-------+-----------+-----------+------------+---------+
|class    |5      |5          |=          |100.00      |0.00     |
+---------+-------+-----------+-----------+------------+---------+
|method   |52     |52         |=          |100.00      |0.00     |
+---------+-------+-----------+-----------+------------+---------+
|function |2      |2          |=          |100.00      |0.00     |
+---------+-------+-----------+-----------+------------+---------+



External dependencies
---------------------
::

    scandir (seqparse.seqparse)
    seqparse (seqparse.seqparse)



Raw metrics
-----------

+----------+-------+------+---------+-----------+
|type      |number |%     |previous |difference |
+==========+=======+======+=========+===========+
|code      |294    |58.10 |294      |=          |
+----------+-------+------+---------+-----------+
|docstring |61     |12.06 |61       |=          |
+----------+-------+------+---------+-----------+
|comment   |28     |5.53  |28       |=          |
+----------+-------+------+---------+-----------+
|empty     |123    |24.31 |123      |=          |
+----------+-------+------+---------+-----------+



Duplication
-----------

+-------------------------+------+---------+-----------+
|                         |now   |previous |difference |
+=========================+======+=========+===========+
|nb duplicated lines      |0     |0        |=          |
+-------------------------+------+---------+-----------+
|percent duplicated lines |0.000 |0.000    |=          |
+-------------------------+------+---------+-----------+



Messages by category
--------------------

+-----------+-------+---------+-----------+
|type       |number |previous |difference |
+===========+=======+=========+===========+
|convention |0      |0        |=          |
+-----------+-------+---------+-----------+
|refactor   |0      |0        |=          |
+-----------+-------+---------+-----------+
|warning    |3      |3        |=          |
+-----------+-------+---------+-----------+
|error      |0      |0        |=          |
+-----------+-------+---------+-----------+



% errors / warnings by module
-----------------------------

+------------------+------+--------+---------+-----------+
|module            |error |warning |refactor |convention |
+==================+======+========+=========+===========+
|seqparse.seqparse |0.00  |66.67   |0.00     |0.00       |
+------------------+------+--------+---------+-----------+
|seqparse.classes  |0.00  |33.33   |0.00     |0.00       |
+------------------+------+--------+---------+-----------+



Messages
--------

+----------------+------------+
|message id      |occurrences |
+================+============+
|fixme           |2           |
+----------------+------------+
|unused-variable |1           |
+----------------+------------+



Global evaluation
-----------------
Your code has been rated at 9.89/10 (previous run: 9.89/10, +0.00)

